<?xml version="1.0" encoding="UTF-8"?>
<testng-results ignored="0" total="1" passed="1" failed="0" skipped="0">
  <reporter-output>
  </reporter-output>
  <suite started-at="2020-09-23T22:03:17Z" name="Default suite" finished-at="2020-09-23T22:03:26Z" duration-ms="8950">
    <groups>
    </groups>
    <test started-at="2020-09-23T22:03:17Z" name="Default test" finished-at="2020-09-23T22:03:26Z" duration-ms="8950">
      <class name="miscellaneous.TestVerifyErrorMessages">
        <test-method is-config="true" signature="browser()[pri:0, instance:miscellaneous.TestVerifyErrorMessages@10db82ae]" started-at="2020-09-23T22:03:17Z" name="browser" finished-at="2020-09-23T22:03:25Z" duration-ms="8185" status="PASS">
          <reporter-output>
          </reporter-output>
        </test-method> <!-- browser -->
        <test-method signature="verifyerrormessages()[pri:0, instance:miscellaneous.TestVerifyErrorMessages@10db82ae]" started-at="2020-09-23T22:03:25Z" name="verifyerrormessages" finished-at="2020-09-23T22:03:26Z" duration-ms="531" status="PASS">
          <reporter-output>
          </reporter-output>
        </test-method> <!-- verifyerrormessages -->
        <test-method is-config="true" signature="closebrowser()[pri:0, instance:miscellaneous.TestVerifyErrorMessages@10db82ae]" started-at="2020-09-23T22:03:26Z" name="closebrowser" finished-at="2020-09-23T22:03:26Z" duration-ms="195" status="PASS">
          <reporter-output>
          </reporter-output>
        </test-method> <!-- closebrowser -->
      </class> <!-- miscellaneous.TestVerifyErrorMessages -->
    </test> <!-- Default test -->
  </suite> <!-- Default suite -->
</testng-results>
